0.38 -0.71 0.93 -0.55 -0.15 -0.93 0.58 0.93 -0.42 -0.36 0.09 0.29 -0.54 
-0.55 -0.93 0.93 -0.36 0.29 -0.54 

0.75 -0.49 -0.26 -0.93 -0.75 -0.61 -0.24 0.99 0.22 -0.85 0.18 -0.16 -0.60 
-0.16 -0.60 -0.75 -0.93 -0.26 -0.49 0.22 0.18 -0.85 0.99 0.75 -0.24 -0.61 
-0.16 -0.93 -0.24 -0.26 -0.49 0.22 0.18 0.99 0.75 -0.75 -0.85 -0.60 -0.61 
0.11 -0.68 0.30 -0.47 0.57 -0.77 0.32 -0.07 0.36 -0.07 -0.90 0.38 -0.66 
0.11 0.30 0.57 -0.77 0.32 -0.07 

0.20 0.83 0.71 -0.97 -0.16 -0.37 0.03 -0.04 0.69 -0.59 -0.81 0.85 -0.08 
0.20 -0.97 0.03 -0.37 -0.16 0.83 -0.59 0.69 -0.04 -0.08 0.85 -0.81 0.71 
-0.97 -0.08 0.03 -0.37 0.85 -0.81 0.83 -0.59 0.69 -0.04 0.20 -0.16 0.71 
0.59 0.28 0.73 -0.60 0.35 -0.31 -0.66 -0.48 0.64 0.26 -0.76 -0.36 -0.77 
0.28 -0.31 -0.66 0.64 -0.36 -0.77 

-0.70 -0.64 0.77 0.25 -0.95 0.58 -0.34 0.07 0.97 -0.85 -0.28 0.27 0.44 
0.25 -0.95 0.58 0.44 0.27 -0.28 -0.85 0.77 -0.64 -0.70 0.97 0.07 -0.34 
0.27 -0.95 -0.85 0.58 0.44 0.97 0.07 -0.70 0.25 0.77 -0.28 -0.64 -0.34 
-0.19 -0.92 -0.34 0.20 0.17 0.40 -0.28 -0.06 -0.60 0.45 0.18 0.15 -0.20 
-0.19 -0.34 0.17 -0.28 0.18 0.15 

-0.45 0.49 -0.52 0.26 0.27 0.20 -0.74 -0.93 0.79 0.46 -0.20 -0.39 0.84 
-0.52 0.46 0.79 -0.93 -0.74 0.20 -0.20 0.27 -0.45 0.49 0.26 -0.39 0.84 
0.46 -0.93 -0.74 0.20 -0.45 -0.52 0.49 0.79 -0.20 0.27 0.26 0.84 -0.39 
0.58 -0.43 0.40 0.20 0.83 -0.17 -0.74 -0.97 0.00 -0.41 0.20 0.55 -0.08 
0.20 0.83 -0.17 -0.97 0.00 0.20 

0.01 -0.88 0.54 -0.25 -0.13 0.41 -0.25 -0.74 0.82 0.37 -0.50 0.22 0.37 
-0.88 0.01 0.37 -0.74 0.82 -0.50 0.54 -0.25 -0.13 0.41 -0.25 0.22 0.37 
-0.88 0.01 -0.25 -0.50 0.54 0.22 0.37 -0.74 0.82 -0.13 0.41 -0.25 0.37 
-0.27 -0.80 -0.66 -0.09 0.45 0.91 0.71 0.62 -0.89 -0.28 -0.49 0.60 -0.28 
-0.27 0.71 0.62 -0.28 -0.49 -0.28 

0.73 -0.36 0.78 0.30 -0.06 -0.97 -0.50 0.97 -0.40 0.26 -0.20 0.14 -0.37 
0.73 -0.36 -0.06 0.30 0.26 -0.20 -0.50 0.78 -0.40 0.97 0.14 -0.97 -0.37 
0.73 -0.36 0.30 -0.06 -0.20 -0.50 0.78 0.26 -0.97 -0.40 0.97 0.14 -0.37 
-0.75 -0.36 0.53 -0.52 -0.06 -0.07 -0.51 0.32 -0.65 -0.07 -0.78 0.05 0.99 
-0.36 0.53 -0.52 -0.06 -0.07 -0.78 

-0.72 0.99 0.03 -0.60 -0.92 -0.69 -0.53 -0.25 0.07 -0.47 0.79 0.09 0.26 
0.79 0.09 -0.25 0.07 -0.60 -0.72 0.99 0.03 -0.47 -0.92 -0.69 -0.53 0.26 
-0.47 -0.92 0.79 0.99 0.03 -0.25 0.07 -0.69 -0.60 -0.72 0.09 -0.53 0.26 
0.52 -0.61 0.60 0.24 0.27 0.64 0.91 -0.90 -0.31 -0.01 -0.92 0.26 0.50 
0.52 -0.61 0.60 0.24 0.91 0.50 

0.39 0.31 0.63 -0.66 0.62 0.22 0.44 -0.84 -0.59 0.99 -0.92 0.40 0.85 
0.39 0.31 -0.59 -0.92 0.40 0.22 0.44 0.62 -0.66 0.63 -0.84 0.85 0.99 
0.31 0.62 -0.66 -0.92 -0.84 0.85 0.40 0.63 0.22 0.44 0.39 0.99 -0.59 
0.38 0.49 -0.64 -0.75 -0.23 0.79 -0.74 -0.18 -0.09 0.07 0.07 -0.59 -0.19 
0.38 -0.75 -0.18 -0.09 0.07 -0.59 

-0.31 0.28 0.73 -0.23 -0.61 0.59 0.12 0.52 0.76 0.55 -0.73 0.68 0.04 
0.73 0.28 0.04 -0.31 -0.61 0.59 0.12 0.52 0.76 0.55 -0.73 0.68 -0.23 
0.28 0.04 -0.31 -0.61 0.52 0.68 0.76 0.55 -0.73 0.73 0.59 0.12 -0.23 
-0.07 0.62 -0.40 -0.68 0.87 -0.76 -0.23 0.34 0.60 -0.32 -0.15 -0.22 0.74 
-0.68 -0.76 0.34 0.60 -0.22 0.74 

-0.95 0.17 -0.76 -0.14 -0.43 0.95 0.41 -0.01 -0.71 0.93 0.15 -0.09 -0.20 
-0.95 -0.76 -0.14 -0.43 0.95 0.41 -0.01 -0.71 0.93 -0.09 0.15 0.17 -0.20 
-0.43 -0.95 -0.76 0.95 0.17 -0.20 0.41 -0.01 -0.71 0.93 -0.09 0.15 -0.14 
-0.38 -0.31 -0.14 -0.88 -0.49 0.49 -0.45 -0.59 0.74 -0.99 -0.54 -0.14 -0.82 
-0.31 -0.14 -0.49 0.49 -0.14 -0.82 

0.94 -0.83 0.51 -0.72 -0.04 -0.84 0.18 -0.96 0.69 -0.52 0.34 -0.37 0.34 
-0.83 0.94 0.34 -0.37 0.34 -0.72 0.69 -0.96 0.18 -0.84 -0.04 -0.52 0.51 
-0.72 0.94 0.18 0.51 -0.83 0.69 -0.96 0.34 -0.84 -0.04 -0.52 -0.37 0.34 
0.07 -0.96 -0.18 0.24 -0.68 0.88 -0.37 0.04 -0.31 0.70 -0.75 -0.21 -0.35 
-0.96 0.24 -0.68 0.88 -0.37 -0.35 

0.89 0.39 0.01 0.86 -0.89 -0.72 0.79 0.60 -0.52 -0.76 -0.64 -0.69 0.54 
-0.52 0.60 0.79 -0.72 -0.89 0.86 0.01 0.39 0.89 0.54 -0.69 -0.76 -0.64 
-0.52 -0.72 -0.89 0.01 0.39 0.89 -0.69 0.79 0.86 -0.76 -0.64 0.54 0.60 
-0.79 0.70 0.42 -0.60 0.23 -0.67 0.77 0.44 -0.27 0.70 0.93 -0.97 0.90 
0.42 -0.60 -0.67 0.77 0.70 0.93 

-0.75 0.06 0.17 0.77 0.65 0.16 0.02 0.11 0.39 0.86 -0.86 -0.95 -0.41 
-0.75 0.06 0.86 0.39 0.11 0.02 0.16 -0.41 -0.95 -0.86 0.17 0.65 0.77 
0.11 0.02 0.86 0.16 -0.41 -0.95 -0.86 0.39 0.17 0.06 0.65 0.77 -0.75 
-0.19 -0.01 0.53 -0.87 0.63 -0.28 0.01 -0.39 -0.35 -0.78 0.34 0.55 0.82 
-0.19 -0.87 -0.28 -0.39 -0.78 0.82 

-0.09 0.36 -0.83 0.23 0.05 0.32 0.25 -0.40 -0.29 -0.63 -0.74 -0.69 -0.68 
0.32 0.23 0.36 -0.09 0.25 -0.83 0.05 -0.69 -0.74 -0.63 -0.29 -0.40 -0.68 
-0.69 -0.74 -0.63 0.05 -0.29 -0.40 -0.68 0.32 -0.09 0.25 -0.83 0.23 0.36 
0.63 -0.42 -0.46 0.79 -0.21 0.76 0.55 -0.98 0.43 -0.33 -0.46 -0.88 -0.26 
-0.42 -0.46 0.55 -0.33 -0.46 -0.88 

0.80 -0.63 -0.32 -0.15 0.74 -0.42 0.21 0.36 0.59 0.51 -0.68 -0.92 -0.66 
0.80 -0.63 0.36 0.59 -0.42 0.21 -0.92 -0.68 0.51 -0.15 -0.32 -0.66 0.74 
0.36 0.21 -0.92 -0.68 -0.32 0.80 -0.63 -0.15 0.51 0.59 -0.42 -0.66 0.74 
-0.89 0.44 0.70 0.47 -0.69 -0.35 0.91 0.45 0.26 -0.81 -0.24 -0.55 -0.27 
0.70 -0.69 0.91 0.26 -0.24 -0.27 

0.26 0.13 -0.57 0.18 0.51 0.74 -0.90 0.27 -0.91 -0.55 0.64 0.94 -0.89 
0.94 0.64 -0.55 0.74 -0.57 0.18 0.51 0.13 -0.90 0.27 -0.91 0.26 -0.89 
0.18 0.51 -0.90 -0.91 0.13 0.27 0.26 0.94 0.64 -0.55 0.74 -0.57 -0.89 
0.91 0.68 -0.74 -0.82 0.73 0.39 0.45 -0.40 -0.03 0.52 -0.80 0.95 0.54 
0.91 -0.82 0.39 -0.03 0.52 0.95 

-0.03 0.61 0.03 -0.25 -0.46 -0.80 -0.83 -0.13 -0.19 0.01 0.73 0.23 0.42 
-0.03 -0.46 -0.80 -0.83 -0.13 0.73 -0.25 0.03 0.61 0.01 -0.19 0.23 0.42 
-0.13 0.73 -0.25 0.03 -0.80 0.61 0.01 0.23 -0.19 -0.03 -0.46 0.42 -0.83 
0.70 0.02 0.93 0.59 -0.33 -0.88 0.58 -0.66 0.61 -0.35 -0.42 -0.64 0.91 
0.70 0.02 0.93 0.59 0.58 -0.64 

0.06 0.61 0.02 -0.32 -0.82 -0.00 0.80 -0.12 -0.41 -0.64 -0.21 -0.85 -0.95 
-0.21 -0.64 0.80 -0.82 -0.32 -0.95 -0.85 0.06 0.61 0.02 -0.00 -0.12 -0.41 
0.02 -0.00 0.61 -0.95 -0.85 -0.12 0.06 0.80 -0.41 -0.21 -0.64 -0.82 -0.32 
-0.76 -0.45 0.67 -0.09 -0.54 0.66 0.32 -0.30 -0.01 0.66 -0.25 -0.41 -0.18 
-0.09 0.66 -0.01 0.66 -0.25 -0.18 

0.53 -0.63 0.46 0.51 -0.08 -0.89 -0.15 0.66 -0.52 -0.22 0.98 -0.71 -0.72 
0.66 -0.52 -0.22 -0.72 -0.71 0.98 0.46 0.53 -0.63 -0.15 -0.89 -0.08 0.51 
0.66 -0.52 -0.22 0.46 0.53 -0.63 -0.72 -0.71 0.51 -0.89 -0.08 0.98 -0.15 
-0.77 0.94 -0.82 0.61 0.40 -0.90 0.98 0.85 -0.93 -0.89 -0.72 0.83 -0.14 
0.94 -0.82 0.61 0.40 -0.93 -0.14 

0.10 -0.12 -0.66 -0.63 0.54 0.71 0.82 0.74 0.10 -0.27 -0.89 -0.02 -0.12 
0.10 -0.12 -0.02 -0.89 -0.66 -0.12 0.10 -0.27 -0.63 0.54 0.71 0.82 0.74 
-0.89 -0.66 -0.12 0.71 -0.27 -0.63 0.82 0.74 0.10 -0.12 -0.02 0.10 0.54 
0.58 -0.51 -0.90 -0.72 0.59 -0.34 -0.18 -0.53 0.23 0.30 0.34 0.08 -0.96 
-0.90 -0.72 0.59 -0.18 0.34 0.08 

0.09 -0.48 -0.17 -0.38 -0.80 0.53 0.45 -0.42 -0.13 0.25 0.76 -0.57 -0.12 
0.09 -0.17 -0.48 -0.38 -0.80 0.76 0.25 -0.13 0.45 -0.42 0.53 -0.57 -0.12 
0.25 -0.48 -0.38 -0.80 0.76 -0.42 -0.57 -0.12 -0.13 0.53 0.45 0.09 -0.17 
-0.49 -0.85 -0.38 0.81 0.30 -0.38 0.40 0.98 -0.28 0.62 0.41 -0.69 0.71 
-0.85 -0.38 0.81 0.30 -0.38 -0.28 

0.61 -0.90 -0.25 -0.75 -0.35 -0.63 -0.49 -0.82 -0.73 0.42 0.55 0.60 -0.10 
-0.82 -0.49 0.42 0.55 0.60 -0.10 -0.75 0.61 -0.73 -0.63 -0.35 -0.90 -0.25 
0.42 -0.49 0.60 -0.10 0.55 -0.75 0.61 -0.73 -0.82 -0.63 -0.35 -0.90 -0.25 
0.03 -0.39 -0.97 -0.25 -0.93 -0.98 0.49 -0.83 -0.99 0.62 0.26 -0.24 -0.11 
-0.39 -0.97 -0.93 -0.98 0.62 -0.11 

0.93 0.50 0.86 -0.86 -0.33 -0.92 -0.62 -0.96 0.85 -0.17 0.84 -0.03 -0.22 
-0.03 0.50 -0.96 0.85 -0.17 0.93 -0.62 0.84 -0.92 -0.33 -0.86 0.86 -0.22 
-0.03 0.50 -0.92 0.85 -0.33 -0.86 0.93 -0.62 0.84 -0.17 0.86 -0.22 -0.96 
0.92 -0.34 -0.87 -0.68 0.20 0.31 -0.08 0.13 -0.38 -0.66 0.70 0.40 0.10 
0.92 -0.34 0.20 0.31 -0.66 0.70 

-0.57 -0.76 -0.76 -0.37 0.87 -0.33 -0.45 -0.53 0.20 0.09 -0.65 0.25 0.77 
-0.57 0.25 0.77 -0.65 0.09 0.20 -0.76 -0.45 -0.33 0.87 -0.37 -0.76 -0.53 
0.87 -0.57 0.77 -0.65 0.25 0.09 0.20 -0.76 -0.76 -0.53 -0.45 -0.33 -0.37 
-0.92 -0.78 0.94 0.22 -0.31 -0.93 -0.43 -0.31 -0.06 -0.64 -0.97 0.26 0.06 
0.94 0.22 -0.31 -0.93 -0.31 0.06 

0.38 -0.26 0.29 -0.74 -0.46 -0.47 -0.10 -0.64 -0.08 -0.11 -0.89 0.14 -0.09 
-0.46 -0.11 -0.89 -0.26 0.38 -0.47 -0.10 -0.64 -0.08 -0.74 -0.09 0.14 0.29 
-0.89 -0.08 -0.74 -0.09 0.14 -0.47 -0.46 -0.10 0.29 -0.26 0.38 -0.64 -0.11 
0.31 -0.76 0.35 0.97 0.70 -0.59 0.22 0.58 0.79 -0.18 -0.06 0.48 0.46 
0.70 -0.59 0.22 -0.18 -0.06 0.48 

-0.39 -0.72 -0.82 0.79 -0.95 0.63 0.19 0.38 -0.52 0.27 -0.37 0.51 0.64 
-0.72 -0.82 0.79 0.51 0.27 0.19 0.38 -0.52 0.63 -0.39 -0.95 -0.37 0.64 
0.51 0.27 0.19 0.63 -0.72 -0.82 0.79 0.38 -0.37 -0.52 -0.39 -0.95 0.64 
-0.73 0.84 -0.95 -0.87 -0.30 0.50 0.63 -0.33 -0.36 -0.62 -0.56 -0.72 -0.64 
-0.73 0.84 -0.95 -0.30 -0.36 -0.72 

-0.35 -0.12 0.69 -0.64 -0.96 0.96 0.35 -0.31 0.05 0.02 -0.24 -0.23 -0.12 
0.05 -0.12 0.35 0.96 -0.96 -0.64 0.69 -0.31 -0.35 0.02 -0.23 -0.24 -0.12 
-0.23 0.69 -0.31 -0.35 0.05 -0.24 -0.12 -0.12 0.35 0.96 -0.96 -0.64 0.02 
0.68 -0.86 -0.48 0.31 -0.86 0.61 0.55 0.08 -0.77 0.02 0.31 -0.06 0.41 
-0.86 -0.48 0.31 0.61 0.31 0.41 

-0.45 0.31 -0.56 0.64 -0.32 0.86 -0.28 -0.55 0.25 -0.18 -0.06 0.27 0.02 
-0.06 -0.18 0.25 -0.55 0.64 -0.32 0.86 -0.28 0.31 0.27 -0.45 -0.56 0.02 
-0.45 -0.18 -0.56 -0.06 0.64 0.31 0.27 0.02 -0.32 0.86 -0.28 0.25 -0.55 
0.13 -0.52 0.03 -0.57 -0.73 -0.62 0.78 -0.59 -0.56 -0.11 -0.15 -0.48 -0.03 
-0.57 -0.73 -0.62 -0.11 -0.15 -0.03 

0.10 -0.77 -0.13 0.67 -0.52 0.07 -0.12 0.07 -0.12 0.96 0.46 1.00 -0.32 
0.10 -0.77 0.46 0.07 -0.12 0.96 -0.52 0.67 -0.13 -0.12 0.07 1.00 -0.32 
0.10 0.46 0.07 -0.12 -0.13 0.96 -0.12 -0.52 0.67 -0.77 0.07 1.00 -0.32 
0.80 -0.76 -0.49 -0.30 0.97 0.56 -0.89 0.60 -0.09 0.72 0.96 -0.72 0.58 
0.80 -0.76 -0.30 0.56 0.72 0.96 

-0.28 0.72 -0.82 -0.39 0.04 -0.11 -0.14 0.46 -0.67 0.67 0.62 0.75 0.83 
0.46 0.67 -0.67 0.62 0.75 -0.39 -0.82 -0.11 -0.14 -0.28 0.83 0.04 0.72 
0.83 0.04 0.72 0.46 0.67 -0.39 -0.82 -0.67 -0.11 -0.14 0.62 0.75 -0.28 
-0.62 -0.28 -0.59 -0.41 0.91 -0.68 0.08 -0.01 0.19 0.41 -0.49 0.46 0.63 
-0.28 -0.59 -0.68 -0.01 0.41 0.46 

0.49 0.86 -0.40 0.35 0.61 0.18 0.48 -0.18 0.00 -0.27 -0.01 0.73 0.56 
0.49 0.86 0.48 -0.18 -0.01 -0.27 0.73 0.61 0.18 -0.40 0.35 0.56 0.00 
0.49 0.86 0.56 -0.18 -0.01 0.73 0.61 0.00 -0.27 0.18 0.48 -0.40 0.35 
-0.04 0.47 0.49 -0.21 0.54 0.77 0.76 0.38 -0.74 0.64 -0.36 0.64 0.93 
-0.04 0.47 0.54 0.76 -0.74 0.64 

0.86 -0.92 0.81 -0.78 0.91 -0.72 0.01 0.04 0.02 -0.23 0.64 0.69 0.35 
0.01 0.04 0.02 0.69 0.64 -0.23 -0.78 0.81 0.86 -0.92 0.91 -0.72 0.35 
0.91 -0.78 -0.72 0.86 0.35 0.01 0.04 0.02 0.69 0.64 -0.23 -0.92 0.81 
0.54 0.54 0.74 -0.47 0.31 0.33 0.06 -0.15 -0.76 -0.26 -0.22 -0.88 -0.93 
-0.47 0.31 0.33 -0.15 -0.76 -0.93 

0.18 0.86 0.20 0.21 0.37 0.51 -0.67 0.75 -0.38 -0.21 -0.24 -0.48 0.34 
0.75 -0.38 0.18 -0.67 -0.24 -0.21 0.51 0.37 0.21 0.20 0.86 -0.48 0.34 
-0.38 0.37 0.21 0.20 0.18 -0.67 0.75 -0.24 -0.21 0.86 -0.48 0.34 0.51 
0.45 -0.97 0.49 0.28 -0.46 0.83 0.85 -0.39 0.94 -0.34 -0.01 0.31 0.06 
0.45 -0.97 -0.39 0.94 -0.01 0.31 

-0.00 -0.26 0.99 -0.75 0.51 -0.52 0.87 0.98 -0.75 -0.68 -0.74 0.31 0.51 
-0.00 -0.26 0.99 -0.52 0.51 0.98 0.87 0.51 0.31 -0.74 -0.68 -0.75 -0.75 
-0.75 0.31 -0.75 -0.00 -0.26 0.99 -0.52 0.51 -0.68 0.98 0.87 0.51 -0.74 
0.73 -0.67 -0.49 0.04 0.32 -0.89 -0.02 0.19 -0.29 -0.29 0.32 0.52 -0.32 
-0.49 0.04 0.32 -0.89 0.32 -0.32 

0.65 -0.72 -0.24 0.60 -0.67 0.35 -0.60 0.17 -0.36 0.35 0.90 0.89 -0.81 
0.65 -0.72 0.17 -0.36 0.35 -0.24 -0.60 0.35 -0.81 0.89 -0.67 0.60 0.90 
-0.24 0.90 -0.67 0.60 -0.60 -0.72 0.17 0.35 -0.81 0.65 -0.36 0.35 0.89 
-0.94 -0.50 -0.89 -0.97 -0.78 0.21 0.75 0.69 0.85 0.17 0.36 -0.86 -0.41 
-0.94 -0.50 -0.89 0.75 0.85 0.36 

0.07 -0.72 -0.72 0.58 0.36 -0.97 0.54 -0.40 -0.70 0.93 0.09 -0.58 0.72 
0.07 0.72 0.58 0.36 -0.97 -0.72 0.54 -0.40 -0.70 0.93 0.09 -0.58 -0.72 
0.54 -0.40 0.09 -0.58 -0.72 -0.70 0.93 0.58 0.36 -0.97 -0.72 0.07 0.72 
0.13 -0.32 -0.11 0.20 0.27 0.49 0.45 -0.01 0.70 0.03 -0.40 0.03 -0.87 
-0.32 0.20 -0.01 0.70 -0.40 0.03 

0.05 0.60 -0.01 0.35 0.43 -0.87 0.61 0.55 -0.87 0.32 0.65 0.77 -0.22 
0.43 0.35 -0.87 0.61 0.55 -0.87 0.60 -0.01 -0.22 0.77 0.32 0.65 0.05 
0.43 -0.01 0.32 0.55 0.65 -0.22 0.77 -0.87 0.60 -0.87 0.61 0.35 0.05 
-0.17 -0.53 -0.99 0.22 -0.03 -0.91 -0.36 0.99 0.17 -0.45 0.98 0.38 0.36 
-0.03 -0.91 -0.36 0.17 0.38 0.36 

-0.90 -0.18 -0.91 -0.89 0.92 0.11 0.12 0.57 0.39 0.84 0.16 0.09 0.55 
-0.90 -0.18 0.55 0.09 0.16 0.84 0.92 -0.89 -0.91 0.57 0.39 0.12 0.11 
-0.89 0.57 0.39 0.12 0.55 -0.90 -0.18 0.11 0.84 0.92 0.09 0.16 -0.91 
-0.66 0.06 -0.84 0.26 -0.84 -0.51 -0.61 -0.64 0.13 -0.42 -0.34 -0.12 0.80 
0.26 -0.51 -0.61 0.13 -0.42 0.80 

0.16 -0.51 -0.32 0.11 0.18 0.99 0.25 -0.87 0.14 0.13 0.72 -0.35 0.78 
0.16 -0.51 -0.32 0.99 0.25 -0.87 0.14 0.18 0.13 0.72 0.11 -0.35 0.78 
0.11 -0.35 0.16 -0.51 -0.32 0.99 0.25 -0.87 0.18 0.13 0.72 0.14 0.78 
0.06 -0.81 0.30 -0.22 0.77 0.16 0.89 -0.98 -0.86 -0.77 -0.21 -0.50 -0.41 
-0.81 0.30 -0.22 -0.98 -0.21 -0.50 

-0.20 -0.21 -0.88 0.45 0.92 -0.65 0.03 -0.59 -0.59 -0.04 -0.35 0.04 0.16 
0.16 0.03 -0.88 0.45 0.92 -0.65 -0.35 -0.04 -0.59 -0.21 -0.20 0.04 -0.59 
0.03 -0.59 -0.21 -0.20 0.04 -0.59 0.16 0.45 0.92 -0.65 -0.35 -0.88 -0.04 
-0.77 -0.94 -0.73 0.84 0.05 0.74 0.38 -0.74 -0.58 -0.34 0.05 0.65 -0.78 
-0.77 0.84 0.05 0.38 -0.34 0.05 

-0.96 -0.70 0.21 0.35 0.48 -0.95 -0.59 0.25 0.51 0.74 0.30 -0.43 0.15 
-0.95 0.74 -0.96 -0.70 0.35 0.48 0.51 0.21 0.25 -0.59 0.30 -0.43 0.15 
-0.70 0.35 -0.95 0.74 0.15 0.25 -0.96 0.48 0.51 -0.43 0.21 0.30 -0.59 
-0.47 -0.77 -0.58 -0.26 -0.68 -0.02 -0.02 -0.49 0.72 0.40 -0.52 -0.19 -0.49 
-0.77 -0.68 -0.02 0.72 0.40 -0.52 

0.33 -0.47 -0.75 -0.93 1.00 -0.18 -0.76 0.48 -0.06 -0.16 -0.86 0.36 0.71 
0.33 0.71 -0.76 -0.93 -0.75 -0.47 0.36 -0.86 -0.16 -0.06 1.00 -0.18 0.48 
-0.75 0.71 0.48 -0.76 -0.93 -0.47 0.36 -0.86 -0.16 0.33 1.00 -0.18 -0.06 
-0.05 0.12 0.56 -0.49 0.47 -0.02 -0.76 0.27 0.40 0.60 0.28 -0.77 0.29 
-0.05 0.47 0.60 0.28 -0.77 0.29 

0.09 -0.17 0.19 -0.83 0.94 -0.91 -0.35 0.45 0.17 -0.80 -0.45 -0.91 0.44 
0.17 0.45 -0.83 0.94 -0.91 -0.35 0.19 -0.91 -0.45 -0.80 -0.17 0.09 0.44 
-0.83 0.94 -0.80 -0.91 -0.35 0.19 -0.91 0.17 0.45 -0.45 -0.17 0.09 0.44 
-0.10 0.15 0.39 0.97 0.62 0.12 -0.28 -0.07 0.37 -0.64 0.44 0.53 -0.02 
-0.10 0.15 0.97 -0.64 0.44 0.53 

-0.73 -0.20 0.33 -0.39 -0.60 0.30 -0.37 -0.13 -0.78 -0.47 0.74 -0.35 0.73 
-0.37 -0.35 0.74 -0.20 0.33 -0.39 -0.60 -0.78 -0.13 -0.73 -0.47 0.30 0.73 
-0.20 -0.39 -0.37 -0.60 -0.78 -0.13 -0.73 -0.47 0.30 -0.35 0.74 0.33 0.73 
-0.56 0.31 0.47 -0.84 0.92 -0.61 0.22 0.37 0.24 -0.23 0.50 0.84 -0.58 
-0.56 0.31 -0.84 0.22 0.37 -0.23 

-0.87 -0.14 0.45 0.98 0.77 -0.45 0.70 -0.05 -0.19 -0.08 0.60 0.08 -0.34 
0.08 0.60 -0.19 0.98 0.77 -0.45 0.70 -0.05 -0.08 0.45 -0.87 -0.14 -0.34 
-0.05 0.08 0.70 -0.08 -0.19 0.45 -0.87 0.98 0.60 0.77 -0.45 -0.14 -0.34 
-0.15 0.64 1.00 -0.96 -0.53 -0.41 0.52 0.43 0.35 -0.89 -0.95 0.72 -0.82 
-0.53 -0.41 0.35 -0.95 0.72 -0.82 

0.34 -0.55 -0.09 0.55 -0.50 -0.13 0.01 -0.50 -0.41 0.26 0.61 0.25 0.60 
0.34 -0.41 0.26 0.01 -0.50 -0.55 -0.09 0.55 0.25 0.61 -0.13 -0.50 0.60 
0.34 0.26 -0.55 -0.50 0.25 0.61 -0.13 -0.50 -0.09 0.55 0.01 -0.41 0.60 
0.59 -0.68 -0.12 0.73 -0.25 0.99 -0.90 0.80 0.51 0.78 -0.51 0.46 -0.00 
-0.68 0.73 -0.90 0.80 0.78 -0.51 

-0.84 0.78 0.76 0.92 -0.23 -0.75 0.38 0.49 -0.34 0.71 -0.16 0.94 0.08 
-0.16 0.71 -0.84 0.94 0.78 -0.34 0.49 0.38 -0.75 -0.23 0.92 0.76 0.08 
0.71 0.38 -0.16 0.94 -0.23 0.92 0.76 0.78 -0.34 0.49 -0.75 -0.84 0.08 
0.51 0.88 -0.24 -0.09 0.65 0.12 0.43 -0.03 -0.78 -0.87 -0.07 -0.71 0.95 
-0.24 -0.09 0.43 -0.03 -0.71 0.95 

0.34 -0.44 0.40 -0.89 0.70 0.68 -0.91 -0.75 0.58 -0.04 -0.17 0.62 0.76 
0.34 -0.44 0.58 -0.75 -0.17 -0.04 0.62 0.76 0.40 -0.91 0.68 0.70 -0.89 
0.40 -0.44 0.68 0.34 -0.75 0.58 0.62 0.76 0.70 -0.89 -0.91 -0.17 -0.04 
0.50 0.90 -0.28 0.76 -0.39 -0.28 0.62 0.63 -0.43 -0.85 -0.78 0.40 0.66 
-0.28 0.76 -0.28 0.63 -0.43 -0.78 

-0.35 -0.76 0.73 -0.47 0.92 -0.74 -0.55 0.00 0.13 0.71 0.61 -0.56 -0.31 
-0.76 0.73 -0.35 0.92 0.71 0.13 0.00 -0.55 -0.47 -0.74 0.61 -0.56 -0.31 
-0.47 -0.74 -0.76 0.00 0.73 -0.35 0.92 -0.55 0.61 -0.56 0.71 0.13 -0.31 
-0.71 -0.03 -0.71 0.85 -0.91 -0.23 -0.37 0.43 -0.92 0.75 -0.33 0.36 -0.30 
-0.71 -0.71 -0.91 0.75 -0.33 0.36 

0.68 -0.70 0.02 -0.07 0.87 0.01 -0.99 0.13 0.36 0.50 0.64 -0.05 -0.91 
0.50 0.36 0.68 -0.70 0.64 0.13 -0.91 -0.05 0.02 -0.07 0.87 -0.99 0.01 
0.50 0.02 0.36 0.68 -0.70 -0.05 -0.07 0.87 -0.99 0.64 0.13 -0.91 0.01 
0.16 -0.84 -0.09 0.34 0.76 -0.93 0.70 0.12 -0.46 0.16 -0.20 0.34 0.23 
0.16 -0.09 0.76 -0.93 -0.20 0.34 

0.83 0.67 -0.49 -0.96 0.92 0.94 0.69 0.52 0.27 0.54 0.24 0.69 -0.72 
0.24 0.54 0.27 -0.49 0.92 0.94 -0.96 0.52 0.69 0.67 0.83 0.69 -0.72 
-0.49 0.92 0.94 0.67 0.27 0.83 0.69 -0.72 0.24 0.54 -0.96 0.52 0.69 
0.03 -0.75 -0.86 0.82 -0.02 -0.04 -0.93 0.30 0.89 -0.39 0.08 -0.34 0.13 
-0.75 -0.86 0.82 -0.02 -0.04 -0.34 

0.37 0.45 0.18 -0.84 -0.49 0.48 -0.40 -0.22 -0.58 -0.79 -0.42 -0.61 0.50 
0.37 -0.22 -0.40 -0.42 0.45 -0.79 -0.58 0.18 -0.61 0.48 -0.49 -0.84 0.50 
0.45 -0.58 0.18 -0.61 0.48 -0.49 -0.42 -0.84 -0.79 0.50 0.37 -0.22 -0.40 
-0.92 -0.68 0.52 -0.44 -0.83 0.81 0.58 0.29 0.68 0.40 0.85 -0.19 -0.80 
0.52 -0.83 0.58 0.29 0.40 0.85 

0.46 -0.74 -0.80 -0.53 -0.81 0.89 0.07 0.24 0.51 0.63 -0.50 0.04 0.77 
0.46 -0.74 -0.80 -0.53 0.07 0.24 0.77 0.04 0.51 0.63 0.89 -0.81 -0.50 
0.46 -0.74 0.77 0.04 0.51 0.63 0.89 0.07 0.24 -0.80 -0.53 -0.81 -0.50 
-0.89 0.98 -0.44 0.54 -0.87 0.24 0.98 -0.91 0.45 0.19 -0.60 -0.30 0.33 
-0.89 0.98 0.98 -0.91 0.19 0.33 

-0.11 0.33 0.32 -0.86 -0.47 -0.68 0.15 0.97 -0.28 0.19 0.75 0.14 -0.48 
-0.11 0.33 0.75 -0.28 0.19 0.97 0.15 -0.68 -0.47 0.14 0.32 -0.86 -0.48 
-0.11 0.33 0.75 0.97 -0.68 0.19 -0.47 0.14 -0.48 0.32 -0.86 -0.28 0.15 
0.20 0.45 0.47 -0.70 0.91 -0.53 0.82 -0.83 -0.18 -0.67 -0.97 0.09 -0.64 
0.20 0.45 0.82 -0.83 -0.18 0.09 

0.43 -0.84 0.82 -0.16 -0.98 0.06 0.20 -0.15 0.25 0.16 0.40 -0.07 -0.70 
-0.70 0.20 0.06 -0.07 0.40 0.16 0.25 0.82 -0.16 -0.98 -0.15 -0.84 0.43 
0.43 0.25 0.82 -0.16 -0.70 0.20 -0.84 -0.98 -0.15 0.06 -0.07 0.40 0.16 
0.27 0.44 0.82 -0.02 0.77 0.99 -0.43 0.44 0.41 -0.06 -0.84 0.30 0.71 
0.27 -0.43 0.44 -0.06 -0.84 0.71 

-0.46 1.00 0.87 -0.54 0.70 0.33 0.71 -0.28 -0.04 0.12 0.99 0.51 0.95 
0.99 0.70 -0.54 0.12 0.95 0.51 -0.46 1.00 0.33 0.87 0.71 -0.28 -0.04 
0.71 0.70 -0.28 0.99 0.12 0.95 0.51 -0.46 1.00 0.33 0.87 -0.54 -0.04 
-0.17 -0.50 0.33 -0.74 0.39 -0.85 -0.53 0.17 -0.03 0.21 -0.68 0.32 0.37 
-0.50 -0.74 -0.85 0.17 -0.03 0.37 

0.68 -0.66 0.71 0.07 -0.30 0.54 -0.27 0.84 0.28 0.99 0.06 0.35 0.35 
0.68 -0.66 0.06 0.35 0.99 0.28 0.54 -0.27 0.84 0.71 0.07 -0.30 0.35 
0.68 -0.66 0.06 0.54 0.71 0.07 0.99 0.28 -0.27 -0.30 0.35 0.35 0.84 
-0.95 -0.78 -0.29 0.75 0.95 -0.81 0.99 -0.15 -0.22 0.86 -0.69 0.85 -0.77 
-0.29 0.95 0.99 -0.69 0.85 -0.77 

-0.64 0.33 0.11 0.23 0.27 -0.20 -0.59 -0.45 0.41 0.39 0.18 -0.73 -0.31 
-0.64 -0.20 0.33 0.41 -0.45 -0.59 0.39 0.18 -0.73 -0.31 0.27 0.23 0.11 
-0.45 -0.59 0.18 -0.73 0.39 -0.31 -0.64 -0.20 0.33 0.41 0.27 0.23 0.11 
0.48 0.48 0.41 0.37 0.48 -0.10 0.72 0.90 0.75 -0.39 0.50 0.64 -0.05 
0.48 0.37 0.48 -0.10 0.90 0.75 

-0.90 -0.32 0.77 -0.38 0.27 0.93 -0.34 -0.44 -0.67 -0.77 -0.74 -0.75 -0.28 
0.27 -0.38 0.93 -0.34 -0.77 -0.67 -0.44 -0.90 -0.32 0.77 -0.74 -0.75 -0.28 
-0.28 0.77 -0.74 -0.77 -0.67 -0.44 -0.75 0.27 -0.38 0.93 -0.34 -0.90 -0.32 
0.25 0.97 -0.31 -0.30 -0.86 0.15 -0.75 0.44 -0.19 0.62 -0.59 -0.89 0.14 
-0.30 -0.86 -0.75 0.62 -0.89 0.14 

0.64 0.36 -0.85 0.64 -0.68 0.44 -0.07 0.49 -0.67 -0.99 0.10 -0.63 -0.52 
0.64 0.44 -0.07 0.49 -0.99 -0.67 0.64 -0.85 0.36 -0.68 0.10 -0.63 -0.52 
-0.67 0.64 -0.52 0.64 -0.99 0.44 -0.07 0.49 0.10 -0.85 0.36 -0.63 -0.68 
-0.63 0.11 0.24 0.59 -0.69 -0.23 0.52 -0.18 -0.80 -0.07 0.35 0.09 -0.52 
-0.63 0.24 -0.69 -0.07 0.35 -0.52 

-0.40 -0.59 0.81 -0.84 0.68 -0.99 -0.00 -0.68 0.59 -0.99 0.33 1.00 0.63 
0.68 -0.99 -0.00 -0.68 0.59 -0.99 0.33 -0.84 1.00 -0.40 0.63 0.81 -0.59 
0.63 -0.00 0.81 -0.99 0.68 -0.99 -0.68 0.59 -0.59 0.33 -0.84 1.00 -0.40 
0.24 -0.45 -0.50 0.51 0.46 0.27 0.12 0.34 -0.41 -0.38 0.57 0.16 0.07 
-0.45 -0.50 0.12 0.34 -0.38 0.57 

0.79 0.14 0.04 -0.12 -0.07 -0.05 -0.59 -0.77 0.38 0.41 -0.12 -0.85 0.96 
0.79 0.41 -0.12 -0.77 -0.59 -0.05 -0.07 0.04 -0.12 -0.85 0.14 0.38 0.96 
-0.85 0.14 0.38 -0.59 -0.12 -0.05 -0.07 0.96 0.79 0.41 -0.12 -0.77 0.04 
0.12 -0.25 0.68 -0.05 0.72 -0.95 -0.51 -0.01 0.09 -0.43 -0.24 -0.56 0.49 
0.68 -0.05 -0.51 -0.01 -0.43 -0.24 

-0.47 -0.65 -0.67 -0.42 0.81 0.78 0.50 0.44 -0.60 -0.22 0.40 -0.11 0.85 
0.78 0.50 0.40 -0.22 -0.47 0.44 -0.60 -0.65 -0.67 -0.42 0.81 -0.11 0.85 
0.40 0.44 -0.60 -0.65 -0.67 -0.42 -0.22 -0.47 0.50 0.81 -0.11 0.85 0.78 
0.47 -0.18 0.54 -0.20 -0.77 0.46 -0.55 0.73 0.61 0.94 -0.70 -0.57 0.25 
0.47 -0.18 -0.20 -0.77 -0.55 0.94 

-0.39 -0.94 0.32 -0.10 -0.14 0.38 0.40 0.72 0.58 0.09 0.06 0.11 0.48 
-0.94 -0.39 0.06 0.32 -0.10 -0.14 0.38 0.40 0.72 0.58 0.09 0.11 0.48 
-0.39 0.06 0.32 -0.14 0.11 -0.10 0.38 0.40 -0.94 0.72 0.58 0.48 0.09 
0.96 -0.69 -0.70 -0.54 -0.93 -0.43 0.41 -0.05 0.69 0.36 -0.19 -0.90 -0.43 
-0.70 -0.54 -0.93 -0.43 -0.05 -0.90 

-0.81 0.26 0.81 -0.62 0.71 0.15 0.30 0.26 0.35 0.13 -0.83 0.29 -0.37 
0.71 -0.62 -0.81 -0.83 0.13 0.81 0.15 0.29 0.26 0.35 0.26 0.30 -0.37 
0.71 -0.62 -0.81 0.26 0.30 -0.37 0.26 -0.83 0.13 0.29 0.81 0.15 0.35 
0.44 0.40 -0.40 -0.59 -0.81 0.81 0.07 -0.49 -0.34 -0.23 -0.94 0.71 -0.73 
0.40 -0.40 -0.81 0.07 -0.34 -0.73 

0.40 0.05 -0.64 -0.93 -0.08 0.48 0.80 0.85 0.79 -0.53 0.80 0.78 0.12 
0.80 0.78 -0.53 0.79 0.85 0.40 0.05 -0.64 -0.93 -0.08 0.48 0.80 0.12 
0.85 -0.08 0.48 0.80 0.05 -0.64 -0.53 0.40 -0.93 0.80 0.12 0.78 0.79 
-0.00 0.72 0.77 -0.69 0.74 0.12 -0.52 0.66 0.54 -0.74 -0.54 -0.80 0.86 
0.77 -0.69 -0.52 0.54 -0.74 0.86 

0.55 0.32 -0.78 0.06 0.74 0.51 0.79 -0.98 -0.01 0.50 0.85 0.24 -0.49 
0.55 0.32 -0.98 0.51 -0.01 0.06 -0.78 0.74 0.79 0.50 0.85 -0.49 0.24 
0.55 0.32 -0.98 -0.49 0.24 -0.01 -0.78 0.51 0.74 0.79 0.50 0.06 0.85 
0.53 -0.60 -0.30 0.99 -0.18 -0.74 -0.51 0.36 -0.62 0.83 0.14 0.66 0.42 
0.99 -0.74 -0.51 0.36 -0.62 0.66 

0.48 -0.50 -0.61 0.07 0.52 0.00 -0.94 0.61 0.64 -0.53 0.59 -0.34 -0.39 
0.48 -0.50 0.61 -0.53 -0.34 0.59 0.64 -0.39 -0.94 0.00 0.52 0.07 -0.61 
-0.94 0.59 0.64 -0.39 -0.61 0.00 0.52 0.07 -0.53 -0.34 0.48 -0.50 0.61 
-0.24 -0.84 -0.48 0.93 0.26 0.35 0.72 0.86 0.54 -0.47 -0.19 -0.19 0.62 
-0.84 0.26 0.72 0.86 0.54 0.62 

0.19 0.32 0.55 -0.66 -0.44 0.73 -0.21 0.22 -0.58 0.79 0.80 -0.34 0.75 
0.19 0.32 0.55 -0.44 -0.34 0.79 -0.58 0.75 0.80 -0.66 0.22 -0.21 0.73 
0.75 0.55 -0.44 -0.34 0.79 0.80 0.73 0.19 0.32 -0.66 -0.58 0.22 -0.21 
0.84 0.24 -0.47 -0.74 -0.01 0.85 -0.41 0.19 -0.09 -0.23 0.53 0.63 0.84 
0.84 0.24 -0.47 0.85 -0.23 0.84 

0.70 0.56 0.69 -0.41 0.33 0.91 0.80 0.23 -0.20 -0.17 0.23 0.05 -0.92 
0.70 0.23 -0.17 0.33 0.91 0.80 0.69 -0.20 0.23 -0.41 0.56 -0.92 0.05 
-0.41 0.56 -0.92 -0.17 0.80 0.33 0.91 0.70 0.23 0.23 -0.20 0.69 0.05 
0.54 0.23 0.15 0.31 0.73 0.56 0.28 -0.44 0.70 -0.04 0.78 0.40 -0.96 
0.54 0.56 0.28 -0.44 0.78 0.40 

0.73 0.69 0.04 -0.14 -0.66 0.13 -0.53 0.72 0.57 0.64 -0.17 -0.45 0.04 
0.73 -0.14 0.04 0.69 -0.17 0.64 0.57 0.72 0.04 -0.45 -0.66 0.13 -0.53 
-0.14 0.04 0.57 0.04 -0.45 -0.66 0.13 -0.53 0.72 0.73 0.64 0.69 -0.17 
-0.73 0.83 0.84 0.08 -0.18 0.18 0.85 0.70 0.75 -0.03 0.86 -0.97 -0.48 
0.18 0.85 0.70 0.75 0.86 -0.48 

-0.65 0.26 -0.28 0.82 0.62 0.16 0.41 0.28 0.05 -0.08 -0.79 0.52 0.16 
0.16 0.52 -0.79 0.26 -0.65 -0.28 0.41 0.28 0.82 0.62 0.16 0.05 -0.08 
0.16 0.52 -0.65 0.05 0.16 -0.79 0.26 0.28 -0.08 -0.28 0.41 0.82 0.62 
0.29 -0.75 0.84 0.94 0.57 -0.06 0.29 -0.96 0.94 0.25 -0.14 -0.56 -0.22 
0.94 0.57 -0.06 -0.96 -0.14 -0.22 

0.26 0.91 -0.01 -0.37 -0.51 -0.68 -0.98 -0.50 0.70 0.35 -0.27 0.23 0.17 
0.26 0.91 -0.98 -0.50 -0.68 -0.51 -0.01 -0.27 0.35 0.70 -0.37 0.23 0.17 
0.91 0.35 0.70 -0.27 -0.37 -0.98 -0.50 -0.68 -0.51 -0.01 0.23 0.26 0.17 
0.55 0.25 -0.46 -0.44 0.05 -0.17 -0.99 0.11 0.94 -0.25 -0.23 0.48 -0.83 
0.55 -0.46 0.05 -0.17 0.11 0.48 

-0.66 0.87 -0.88 0.32 -0.16 0.51 -0.11 0.61 -0.58 1.00 0.98 0.93 -0.81 
-0.66 0.98 -0.88 0.32 -0.16 0.51 0.93 0.87 1.00 -0.58 0.61 -0.11 -0.81 
0.61 -0.11 0.51 0.93 0.87 1.00 0.98 -0.66 -0.81 -0.88 0.32 -0.16 -0.58 
-0.09 0.95 0.21 0.97 0.08 -0.46 0.52 0.92 -0.30 0.26 0.17 -0.06 -0.21 
0.21 0.08 0.52 -0.30 0.26 0.17 

0.39 0.96 0.67 0.67 0.31 -0.20 0.52 -0.95 -0.24 0.19 0.54 0.10 -0.26 
-0.95 0.54 0.39 -0.24 0.19 0.52 -0.20 0.10 -0.26 0.96 0.67 0.67 0.31 
-0.26 0.96 0.67 -0.95 0.39 -0.24 0.10 0.67 0.31 0.54 0.19 0.52 -0.20 
-0.35 0.78 -0.45 0.72 -0.21 -0.88 0.97 0.67 -0.85 0.29 -0.03 0.14 0.31 
0.78 -0.45 0.72 -0.21 -0.88 0.14 

-0.50 0.36 -0.92 -0.73 0.11 -0.91 -0.04 -0.61 0.19 -0.12 -0.42 -0.72 0.39 
0.39 0.19 -0.12 -0.42 -0.72 -0.61 -0.04 -0.91 0.11 0.36 -0.92 -0.73 -0.50 
-0.91 -0.61 -0.04 0.11 0.19 0.36 0.39 -0.42 -0.72 -0.92 -0.73 -0.12 -0.50 
-0.32 0.71 0.48 0.28 0.81 0.12 0.86 0.64 0.39 -0.52 0.04 0.92 0.79 
-0.32 0.71 0.28 0.12 0.86 -0.52 

-0.68 0.93 0.93 -0.23 0.17 0.98 -0.23 -0.76 -0.03 -0.30 0.76 -0.72 0.43 
-0.03 -0.76 -0.23 -0.72 0.76 0.17 0.93 -0.68 -0.30 -0.23 0.98 0.93 0.43 
-0.72 0.93 0.43 -0.03 -0.76 -0.23 -0.30 0.76 0.17 -0.23 0.98 0.93 -0.68 
-0.05 0.78 0.14 0.29 0.93 0.90 -0.43 -0.87 0.95 0.20 -0.39 0.44 0.07 
0.78 0.14 0.93 0.20 -0.39 0.07 

0.99 -0.31 -0.30 0.41 0.78 0.46 -0.74 -0.40 -0.24 0.72 -0.45 0.69 -0.12 
0.72 -0.24 -0.40 -0.74 -0.45 0.99 -0.30 -0.31 0.41 0.78 0.46 0.69 -0.12 
-0.24 -0.40 -0.45 0.41 0.99 -0.30 -0.31 0.78 0.46 0.69 0.72 -0.12 -0.74 
0.27 -0.40 -0.85 0.30 0.79 -0.48 -0.26 0.02 0.38 -0.60 0.54 0.55 0.14 
-0.40 -0.85 -0.48 -0.26 -0.60 0.14 

-0.77 0.58 -0.54 -0.52 0.39 0.43 0.82 0.61 0.06 -0.63 0.44 -0.18 0.62 
0.43 0.39 -0.52 0.62 -0.18 0.61 0.82 -0.77 0.06 0.44 -0.63 0.58 -0.54 
0.06 0.44 0.43 0.82 -0.77 0.39 -0.52 -0.54 0.62 0.61 -0.63 0.58 -0.18 
0.48 0.01 0.61 0.07 0.91 0.44 0.70 -0.35 0.80 -0.96 0.41 -0.16 0.62 
0.91 0.44 0.70 -0.96 -0.16 0.62 

-0.81 -0.49 0.89 -0.33 -0.39 0.06 -0.43 -0.73 0.08 0.28 -0.25 0.72 -0.32 
-0.81 -0.49 -0.32 -0.33 0.72 -0.39 -0.43 -0.73 0.08 0.28 0.06 -0.25 0.89 
-0.39 0.72 -0.25 -0.43 -0.73 -0.49 0.08 0.28 0.06 -0.32 -0.33 0.89 -0.81 
-0.32 0.70 0.11 0.19 -0.27 -0.02 0.89 0.91 1.00 -0.63 0.75 0.88 0.52 
0.70 0.19 -0.27 0.91 -0.63 0.52 

0.14 -0.46 0.86 0.49 -0.84 0.24 0.37 -0.28 -0.71 -0.91 -0.59 -0.02 -0.73 
0.14 0.37 0.24 -0.71 -0.84 0.49 0.86 -0.02 -0.46 -0.28 -0.91 -0.59 -0.73 
0.14 0.37 0.24 -0.59 -0.71 -0.73 0.49 -0.84 -0.46 -0.28 -0.91 0.86 -0.02 
-0.73 0.31 -0.25 -0.25 -0.96 0.27 -0.45 0.27 -0.55 -0.51 0.51 0.32 0.83 
-0.73 0.31 -0.96 -0.55 0.32 0.83 

-0.31 0.70 -0.28 0.80 0.35 -0.02 -0.48 -0.54 -0.33 -0.23 -0.67 -0.78 -0.93 
-0.31 0.70 -0.78 -0.67 -0.33 -0.23 -0.02 -0.48 -0.54 -0.93 -0.28 0.80 0.35 
-0.67 -0.33 0.70 -0.78 -0.31 -0.28 0.80 -0.54 -0.93 -0.23 -0.02 -0.48 0.35 
0.20 0.93 -0.39 -0.39 -0.29 0.46 0.21 -0.15 -0.59 0.89 -0.46 0.05 -0.77 
0.93 -0.39 -0.29 0.46 -0.15 0.05 

0.84 0.65 -0.35 -0.58 -0.28 -0.11 -0.55 0.58 -0.71 0.58 0.10 -0.28 0.95 
0.84 0.65 -0.35 -0.11 -0.71 0.58 0.95 -0.58 -0.28 0.58 0.10 -0.28 -0.55 
-0.71 0.84 0.65 -0.35 -0.11 0.58 0.95 -0.58 -0.28 0.58 0.10 -0.55 -0.28 
0.63 -0.69 -0.08 0.69 -0.24 -0.99 0.20 -0.77 0.28 -0.81 0.14 0.45 -0.66 
-0.69 0.20 -0.81 0.14 0.45 -0.66 

0.77 0.53 -0.42 0.03 0.67 -0.40 0.58 0.29 0.65 -0.16 -0.71 -0.81 0.59 
0.77 -0.42 -0.16 -0.40 0.53 0.58 0.29 0.65 -0.71 0.67 0.03 -0.81 0.59 
0.77 0.58 0.29 -0.16 -0.71 0.67 -0.40 0.53 0.65 -0.42 0.03 -0.81 0.59 
-0.27 0.83 0.24 0.98 0.29 -0.74 0.19 -0.81 0.45 0.80 -0.18 -1.00 0.11 
0.83 0.24 0.98 0.19 -0.18 -1.00 

0.08 -0.66 -0.81 -0.40 0.72 0.96 -0.84 0.45 -0.13 0.39 -0.04 -0.68 0.59 
0.08 0.72 0.96 -0.84 0.59 -0.68 -0.04 -0.13 0.39 -0.40 -0.81 -0.66 0.45 
0.39 0.08 0.59 0.45 -0.68 -0.04 -0.13 -0.40 -0.81 0.72 -0.84 -0.66 0.96 
0.81 -0.31 0.04 -0.53 0.07 0.90 -0.98 0.71 -0.01 0.05 0.47 -0.83 -0.35 
-0.53 0.07 0.90 0.71 0.47 -0.83 

0.61 -0.62 -0.35 -0.14 0.01 -0.12 0.07 -0.20 0.76 0.05 0.76 0.75 -0.10 
0.61 -0.62 -0.14 -0.35 0.01 -0.10 0.76 -0.20 0.07 -0.12 0.75 0.76 0.05 
-0.62 -0.14 0.75 -0.35 0.76 0.01 -0.12 0.05 -0.10 0.76 -0.20 0.07 0.61 
-0.54 -0.88 -0.31 -0.06 -0.49 0.73 0.44 0.03 0.22 0.21 -0.82 0.54 -0.89 
-0.88 -0.31 0.44 0.21 -0.82 0.54 

0.66 0.08 -0.32 -0.01 -0.74 -0.42 0.78 -0.89 0.20 0.23 0.23 -0.29 -0.22 
0.66 0.08 -0.32 0.23 -0.42 0.78 0.20 -0.89 -0.29 -0.22 -0.01 0.23 -0.74 
-0.32 0.23 -0.42 0.20 -0.89 0.66 0.08 -0.29 -0.22 -0.01 0.23 -0.74 0.78 
0.58 -0.18 -0.29 0.76 -0.01 0.05 -0.19 -0.94 0.43 -0.27 -0.29 0.63 -0.28 
-0.94 0.43 -0.27 -0.29 0.63 -0.28 

-0.57 -0.77 0.40 0.35 -0.12 -0.82 0.63 -0.78 0.48 0.81 0.11 0.05 -0.20 
0.48 0.81 0.11 0.05 -0.57 -0.78 -0.20 -0.82 -0.12 0.35 0.40 -0.77 0.63 
-0.77 0.11 0.05 -0.57 -0.78 -0.20 -0.82 -0.12 0.48 0.40 0.81 0.35 0.63 
-0.85 0.17 0.51 -0.25 0.69 -0.59 0.61 0.90 -0.07 0.63 0.44 -0.85 -0.67 
-0.85 0.51 -0.07 0.63 0.44 -0.85 

-0.22 0.65 -0.41 0.77 0.34 0.00 -0.42 -0.60 0.98 0.82 0.03 0.81 -0.95 
0.34 0.00 0.65 0.81 0.03 0.82 0.98 -0.22 0.77 -0.41 -0.42 -0.60 -0.95 
0.34 0.81 0.03 0.82 -0.22 0.77 0.00 0.98 -0.41 -0.42 -0.60 -0.95 0.65 
0.90 -0.45 -0.94 -0.18 0.36 -0.45 0.51 0.14 -0.93 -0.41 -0.17 0.58 0.79 
0.90 -0.45 0.36 -0.45 -0.93 -0.41 

-0.11 0.36 0.71 -0.95 -0.32 -0.81 0.47 -0.71 0.95 0.78 -0.10 0.68 -0.20 
0.78 -0.10 0.68 0.71 0.47 -0.20 -0.95 -0.32 -0.81 0.36 -0.11 0.95 -0.71 
-0.10 0.68 0.71 0.47 -0.32 -0.81 0.78 0.36 -0.11 0.95 -0.20 -0.95 -0.71 
-0.72 -0.59 -0.20 -0.05 0.54 0.12 -0.07 0.92 -0.51 -0.31 -0.36 -0.58 -0.22 
-0.59 0.54 0.12 -0.51 -0.31 -0.22 

0.22 0.39 0.03 -0.27 0.30 0.01 0.89 0.76 -0.90 -0.30 0.09 0.49 0.83 
0.22 -0.27 0.09 0.30 0.49 0.39 -0.90 0.76 0.89 0.01 -0.30 0.03 0.83 
-0.30 0.22 0.01 0.49 0.39 0.09 0.30 0.03 0.83 -0.27 -0.90 0.76 0.89 
0.91 -0.76 0.93 -0.51 0.39 0.46 -0.49 -0.56 -0.11 0.26 -0.20 0.47 0.69 
0.91 -0.51 0.46 -0.56 -0.20 0.47 

0.67 0.25 -0.19 -0.45 0.95 -0.89 -0.56 -0.18 -0.11 0.23 0.68 0.22 -0.87 
0.67 0.95 -0.89 0.23 0.68 0.22 -0.87 -0.11 -0.18 -0.19 0.25 -0.45 -0.56 
0.67 -0.18 0.23 0.68 -0.19 0.25 -0.45 0.95 0.22 -0.87 -0.11 -0.89 -0.56 
-0.66 -0.18 -0.24 -0.06 -0.58 0.08 0.32 0.62 0.39 0.80 -0.96 -0.78 -0.55 
-0.66 -0.18 -0.58 0.08 0.32 -0.96 

-0.34 -0.69 -0.16 -0.25 0.45 -0.10 -0.81 -0.53 0.56 0.19 0.12 -0.74 -0.00 
-0.16 -0.69 -0.25 -0.34 0.45 -0.10 -0.81 -0.00 -0.74 -0.53 0.56 0.19 0.12 
-0.00 -0.74 -0.10 0.56 0.19 -0.69 -0.25 -0.34 0.45 -0.81 0.12 -0.53 -0.16 
-0.54 0.45 -0.54 -0.85 0.80 0.68 0.85 0.50 -0.11 0.63 -0.77 0.90 -0.66 
-0.54 0.80 0.50 -0.11 0.90 -0.66 

0.76 0.95 0.06 -0.56 -0.50 0.95 -0.01 0.05 0.84 -0.30 -0.06 -0.91 -0.87 
0.84 0.05 0.95 0.76 -0.01 0.95 -0.50 -0.56 0.06 -0.30 -0.06 -0.91 -0.87 
-0.30 -0.56 0.06 -0.06 0.95 0.76 -0.01 0.95 -0.50 0.84 -0.91 -0.87 0.05 
-0.57 0.39 -0.27 -0.01 0.94 0.14 -0.86 -0.55 0.91 0.33 -0.82 -0.16 0.32 
-0.57 -0.01 0.94 -0.86 0.33 -0.16 

0.70 0.05 0.05 0.32 0.36 -0.68 0.01 0.01 0.43 -0.65 -0.99 -0.98 0.52 
0.70 0.05 0.43 0.01 0.05 -0.98 -0.99 -0.65 -0.68 0.01 0.36 0.32 0.52 
0.70 0.05 -0.98 -0.99 -0.65 -0.68 0.01 0.43 0.01 0.36 0.32 0.05 0.52 
0.53 -0.56 0.91 0.14 0.39 0.75 -0.01 0.54 -0.25 0.50 0.25 -0.24 0.71 
-0.56 0.39 -0.01 0.54 0.25 0.71 

-0.24 -0.78 -0.57 -0.28 -0.66 -0.56 0.86 0.02 -0.37 0.54 0.61 -0.65 0.45 
-0.24 -0.28 -0.66 -0.37 -0.57 -0.78 0.54 -0.56 0.86 0.02 0.45 -0.65 0.61 
-0.24 -0.57 -0.78 -0.66 -0.37 0.86 0.02 0.54 -0.56 -0.28 0.45 -0.65 0.61 
-0.87 -0.81 0.63 0.91 -0.02 -0.49 -0.40 -0.68 0.03 -0.01 -0.89 -0.80 0.08 
-0.87 -0.02 -0.49 0.03 -0.89 -0.80 

-0.02 -0.55 -0.57 -0.78 0.93 0.51 -0.80 0.12 0.20 -0.39 0.43 0.92 0.56 
0.20 0.12 -0.80 0.51 -0.02 -0.78 0.93 -0.55 -0.39 -0.57 0.43 0.92 0.56 
0.20 -0.02 0.93 -0.55 -0.57 0.12 -0.80 0.51 -0.78 0.43 -0.39 0.92 0.56 
0.88 0.18 -0.71 0.18 0.97 0.32 -0.49 -0.50 -0.38 -0.47 0.83 0.20 0.29 
0.18 0.97 -0.50 -0.38 -0.47 0.83 

0.73 0.18 -0.38 0.55 0.15 0.62 0.76 -0.67 -0.49 0.54 0.64 -0.21 -0.09 
0.73 0.18 -0.21 -0.09 -0.49 0.15 0.55 0.76 -0.38 -0.67 0.62 0.64 0.54 
0.73 0.18 0.15 -0.21 0.55 0.62 -0.09 -0.67 0.76 -0.38 -0.49 0.64 0.54 
-0.67 0.37 0.01 0.06 0.52 0.28 -0.76 -0.34 -0.52 0.54 -0.03 -0.78 -0.02 
-0.67 0.37 0.01 0.52 -0.34 -0.78 

0.26 -0.82 -0.55 0.10 0.74 -0.26 -0.35 0.05 0.74 0.57 0.09 -0.41 -0.86 
0.74 0.09 -0.41 -0.86 -0.82 0.26 0.10 0.57 0.05 -0.35 -0.26 0.74 -0.55 
-0.41 -0.86 0.74 0.05 -0.82 0.26 0.10 0.09 -0.35 0.57 0.74 -0.26 -0.55 
0.28 -0.11 0.91 0.44 -0.41 -0.39 0.63 -0.35 -0.08 0.82 -0.97 -0.50 0.59 
0.28 -0.11 0.91 -0.08 0.82 0.59 

0.21 -0.82 0.74 0.42 -0.35 0.26 -0.37 -0.75 0.50 -0.71 0.01 0.26 -0.39 
0.21 0.74 0.42 -0.75 -0.37 0.26 -0.71 0.01 0.50 -0.35 0.26 -0.82 -0.39 
-0.71 0.01 0.50 -0.35 0.26 0.42 -0.75 -0.37 0.26 0.74 0.21 -0.82 -0.39 
